<?xml version="1.0" encoding="UTF-8"?>
<!-- Generated by org.testng.reporters.JUnitReportReporter -->
<testsuite skipped="0" hostname="DESKTOP-P8HG88I" name="com.automationui.test.Testcase" tests="4" failures="0" timestamp="19 Dec 2018 06:51:18 GMT" time="25.973" errors="0">
  <testcase name="createuser" time="11.419" classname="com.automationui.test.Testcase"/>
  <testcase name="createuser" time="4.174" classname="com.automationui.test.Testcase"/>
  <testcase name="filtersearch" time="5.784" classname="com.automationui.test.Testcase"/>
  <testcase name="createuser" time="4.596" classname="com.automationui.test.Testcase"/>
</testsuite> <!-- com.automationui.test.Testcase -->
