<?xml version="1.0" encoding="UTF-8"?>
<!-- Generated by org.testng.reporters.JUnitReportReporter -->
<testsuite skipped="0" hostname="DESKTOP-P8HG88I" name="com.automationui.test.Testcase" tests="4" failures="0" timestamp="19 Dec 2018 05:29:17 GMT" time="35.816" errors="0">
  <testcase name="createuser" time="6.014" classname="com.automationui.test.Testcase"/>
  <testcase name="createuser" time="5.789" classname="com.automationui.test.Testcase"/>
  <testcase name="createuser" time="17.050" classname="com.automationui.test.Testcase"/>
  <testcase name="filtersearch" time="6.963" classname="com.automationui.test.Testcase"/>
</testsuite> <!-- com.automationui.test.Testcase -->
